#-----------------------------------------------------------
# Vivado v2018.2 (64-bit)
# SW Build 2258646 on Thu Jun 14 20:03:12 MDT 2018
# IP Build 2256618 on Thu Jun 14 22:10:49 MDT 2018
# Start of session at: Tue Jan  7 10:36:54 2020
# Process ID: 2184
# Current directory: C:/DEV/sysnum/projet-sysnum-multiplicateur-de-matrice-ll/Vestion Materiel/artix7
# Command line: vivado.exe -gui_launcher_event rodinguilauncherevent8624 C:\DEV\sysnum\projet-sysnum-multiplicateur-de-matrice-ll\Vestion Materiel\artix7\artix7.xpr
# Log file: C:/DEV/sysnum/projet-sysnum-multiplicateur-de-matrice-ll/Vestion Materiel/artix7/vivado.log
# Journal file: C:/DEV/sysnum/projet-sysnum-multiplicateur-de-matrice-ll/Vestion Materiel/artix7\vivado.jou
#-----------------------------------------------------------
start_gui
open_project {C:/DEV/sysnum/projet-sysnum-multiplicateur-de-matrice-ll/Vestion Materiel/artix7/artix7.xpr}
INFO: [Project 1-313] Project file moved from 'C:/DEV/sysnum/projet-sysnum-multiplicateur-de-matrice-ll/nano2019v01e_vide/artix7' since last save.
Scanning sources...
Finished scanning sources
INFO: [IP_Flow 19-234] Refreshing IP repositories
INFO: [IP_Flow 19-1704] No user IP repositories specified
INFO: [IP_Flow 19-2313] Loaded Vivado IP repository 'C:/Xilinx/Vivado/2018.2/data/ip'.
open_project: Time (s): cpu = 00:00:12 ; elapsed = 00:00:06 . Memory (MB): peak = 879.852 ; gain = 162.391
update_compile_order -fileset sources_1
file mkdir C:/DEV/sysnum/projet-sysnum-multiplicateur-de-matrice-ll/Vestion Materiel/artix7/artix7.srcs/sources_1/new
file mkdir C:/DEV/sysnum/projet-sysnum-multiplicateur-de-matrice-ll/Vestion Materiel/artix7/artix7.srcs/sources_1/new
file mkdir C:/DEV/sysnum/projet-sysnum-multiplicateur-de-matrice-ll/Vestion Materiel/artix7/artix7.srcs/sources_1/new
file mkdir C:/DEV/sysnum/projet-sysnum-multiplicateur-de-matrice-ll/Vestion Materiel/artix7/artix7.srcs/sources_1/new
file mkdir C:/DEV/sysnum/projet-sysnum-multiplicateur-de-matrice-ll/Vestion Materiel/artix7/artix7.srcs/sources_1/new
file mkdir C:/DEV/sysnum/projet-sysnum-multiplicateur-de-matrice-ll/Vestion Materiel/artix7/artix7.srcs/sources_1/new
file mkdir {C:/DEV/sysnum/projet-sysnum-multiplicateur-de-matrice-ll/Vestion Materiel/artix7/artix7.srcs/sources_1/new}
close [ open {C:/DEV/sysnum/projet-sysnum-multiplicateur-de-matrice-ll/Vestion Materiel/artix7/artix7.srcs/sources_1/new/IPMultMat.vhd} w ]
add_files {{C:/DEV/sysnum/projet-sysnum-multiplicateur-de-matrice-ll/Vestion Materiel/artix7/artix7.srcs/sources_1/new/IPMultMat.vhd}}
update_compile_order -fileset sources_1
exit
INFO: [Common 17-206] Exiting Vivado at Tue Jan  7 11:34:09 2020...
